<?xml version="1.0" encoding="UTF-8"?>
<testng-results ignored="0" total="1" passed="1" failed="0" skipped="0">
  <reporter-output>
  </reporter-output>
  <suite started-at="2023-10-08T15:57:36 IST" name="Default suite" finished-at="2023-10-08T15:57:52 IST" duration-ms="15964">
    <groups>
    </groups>
    <test started-at="2023-10-08T15:57:36 IST" name="Default test" finished-at="2023-10-08T15:57:52 IST" duration-ms="15964">
      <class name="AutomationAnywhereDemoTest">
        <test-method signature="autoDemoTest()[pri:0, instance:AutomationAnywhereDemoTest@61862a7f]" started-at="2023-10-08T15:57:36 IST" name="autoDemoTest" finished-at="2023-10-08T15:57:52 IST" duration-ms="15909" status="PASS">
          <reporter-output>
          </reporter-output>
        </test-method> <!-- autoDemoTest -->
      </class> <!-- AutomationAnywhereDemoTest -->
    </test> <!-- Default test -->
  </suite> <!-- Default suite -->
</testng-results>
